<?xml version="1.0" encoding="UTF-8"?>
<coverage generated="1750306663715" clover="3.2.0">
  <project timestamp="1750306663715" name="All files">
    <metrics statements="300" coveredstatements="300" conditionals="67" coveredconditionals="67" methods="25" coveredmethods="18" elements="392" coveredelements="385" complexity="0" loc="300" ncloc="300" packages="5" files="11" classes="11"/>
    <package name="public">
      <metrics statements="29" coveredstatements="29" conditionals="0" coveredconditionals="0" methods="0" coveredmethods="0"/>
      <file name="default_tasks.jsx" path="C:\Users\Grego\Desktop\Coding\Projects\plan_tool\src\frontend\public\default_tasks.jsx">
        <metrics statements="29" coveredstatements="29" conditionals="0" coveredconditionals="0" methods="0" coveredmethods="0"/>
        <line num="1" count="1" type="stmt"/>
        <line num="2" count="1" type="stmt"/>
        <line num="3" count="1" type="stmt"/>
        <line num="4" count="1" type="stmt"/>
        <line num="5" count="1" type="stmt"/>
        <line num="6" count="1" type="stmt"/>
        <line num="7" count="1" type="stmt"/>
        <line num="8" count="1" type="stmt"/>
        <line num="9" count="1" type="stmt"/>
        <line num="10" count="1" type="stmt"/>
        <line num="11" count="1" type="stmt"/>
        <line num="12" count="1" type="stmt"/>
        <line num="13" count="1" type="stmt"/>
        <line num="14" count="1" type="stmt"/>
        <line num="15" count="1" type="stmt"/>
        <line num="16" count="1" type="stmt"/>
        <line num="17" count="1" type="stmt"/>
        <line num="18" count="1" type="stmt"/>
        <line num="19" count="1" type="stmt"/>
        <line num="20" count="1" type="stmt"/>
        <line num="21" count="1" type="stmt"/>
        <line num="22" count="1" type="stmt"/>
        <line num="23" count="1" type="stmt"/>
        <line num="24" count="1" type="stmt"/>
        <line num="25" count="1" type="stmt"/>
        <line num="26" count="1" type="stmt"/>
        <line num="27" count="1" type="stmt"/>
        <line num="28" count="1" type="stmt"/>
        <line num="29" count="1" type="stmt"/>
      </file>
    </package>
    <package name="src">
      <metrics statements="14" coveredstatements="14" conditionals="1" coveredconditionals="1" methods="1" coveredmethods="1"/>
      <file name="App.jsx" path="C:\Users\Grego\Desktop\Coding\Projects\plan_tool\src\frontend\src\App.jsx">
        <metrics statements="14" coveredstatements="14" conditionals="1" coveredconditionals="1" methods="1" coveredmethods="1"/>
        <line num="1" count="1" type="stmt"/>
        <line num="2" count="1" type="stmt"/>
        <line num="3" count="1" type="stmt"/>
        <line num="4" count="1" type="stmt"/>
        <line num="7" count="1" type="cond" truecount="1" falsecount="0"/>
        <line num="8" count="1" type="stmt"/>
        <line num="9" count="1" type="stmt"/>
        <line num="10" count="1" type="stmt"/>
        <line num="11" count="1" type="stmt"/>
        <line num="12" count="1" type="stmt"/>
        <line num="13" count="1" type="stmt"/>
        <line num="14" count="1" type="stmt"/>
        <line num="16" count="1" type="stmt"/>
        <line num="18" count="1" type="stmt"/>
      </file>
    </package>
    <package name="src.components">
      <metrics statements="241" coveredstatements="241" conditionals="64" coveredconditionals="64" methods="22" coveredmethods="15"/>
      <file name="CategorySelector.jsx" path="C:\Users\Grego\Desktop\Coding\Projects\plan_tool\src\frontend\src\components\CategorySelector.jsx">
        <metrics statements="25" coveredstatements="25" conditionals="6" coveredconditionals="6" methods="2" coveredmethods="1"/>
        <line num="1" count="1" type="stmt"/>
        <line num="2" count="1" type="stmt"/>
        <line num="14" count="1" type="cond" truecount="1" falsecount="0"/>
        <line num="15" count="45" type="cond" truecount="2" falsecount="0"/>
        <line num="16" count="45" type="cond" truecount="2" falsecount="0"/>
        <line num="17" count="45" type="stmt"/>
        <line num="19" count="45" type="stmt"/>
        <line num="20" count="45" type="stmt"/>
        <line num="21" count="45" type="stmt"/>
        <line num="22" count="45" type="stmt"/>
        <line num="23" count="45" type="stmt"/>
        <line num="24" count="45" type="stmt"/>
        <line num="25" count="45" type="stmt"/>
        <line num="26" count="45" type="stmt"/>
        <line num="27" count="45" type="stmt"/>
        <line num="28" count="45" type="stmt"/>
        <line num="30" count="45" type="cond" truecount="1" falsecount="0"/>
        <line num="31" count="291" type="stmt"/>
        <line num="32" count="45" type="stmt"/>
        <line num="34" count="45" type="stmt"/>
        <line num="35" count="45" type="stmt"/>
        <line num="36" count="45" type="stmt"/>
        <line num="37" count="45" type="stmt"/>
        <line num="39" count="45" type="stmt"/>
        <line num="42" count="1" type="stmt"/>
      </file>
      <file name="CustomFooter.jsx" path="C:\Users\Grego\Desktop\Coding\Projects\plan_tool\src\frontend\src\components\CustomFooter.jsx">
        <metrics statements="22" coveredstatements="22" conditionals="3" coveredconditionals="3" methods="1" coveredmethods="1"/>
        <line num="1" count="1" type="stmt"/>
        <line num="7" count="1" type="cond" truecount="1" falsecount="0"/>
        <line num="9" count="20" type="stmt"/>
        <line num="10" count="20" type="stmt"/>
        <line num="11" count="20" type="stmt"/>
        <line num="12" count="20" type="stmt"/>
        <line num="13" count="20" type="stmt"/>
        <line num="14" count="20" type="stmt"/>
        <line num="15" count="20" type="stmt"/>
        <line num="16" count="20" type="stmt"/>
        <line num="17" count="20" type="stmt"/>
        <line num="18" count="20" type="stmt"/>
        <line num="19" count="20" type="stmt"/>
        <line num="20" count="20" type="stmt"/>
        <line num="21" count="20" type="stmt"/>
        <line num="22" count="20" type="stmt"/>
        <line num="23" count="20" type="cond" truecount="2" falsecount="0"/>
        <line num="24" count="20" type="stmt"/>
        <line num="25" count="20" type="stmt"/>
        <line num="26" count="20" type="stmt"/>
        <line num="29" count="20" type="stmt"/>
        <line num="31" count="1" type="stmt"/>
      </file>
      <file name="DateSelector.jsx" path="C:\Users\Grego\Desktop\Coding\Projects\plan_tool\src\frontend\src\components\DateSelector.jsx">
        <metrics statements="27" coveredstatements="27" conditionals="7" coveredconditionals="7" methods="1" coveredmethods="1"/>
        <line num="1" count="1" type="stmt"/>
        <line num="6" count="1" type="stmt"/>
        <line num="7" count="1" type="stmt"/>
        <line num="8" count="1" type="stmt"/>
        <line num="13" count="1" type="cond" truecount="1" falsecount="0"/>
        <line num="14" count="68" type="cond" truecount="1" falsecount="0"/>
        <line num="15" count="68" type="cond" truecount="2" falsecount="0"/>
        <line num="16" count="68" type="cond" truecount="1" falsecount="0"/>
        <line num="17" count="68" type="cond" truecount="2" falsecount="0"/>
        <line num="19" count="68" type="stmt"/>
        <line num="20" count="68" type="stmt"/>
        <line num="21" count="68" type="stmt"/>
        <line num="22" count="68" type="stmt"/>
        <line num="23" count="68" type="stmt"/>
        <line num="24" count="68" type="stmt"/>
        <line num="25" count="68" type="stmt"/>
        <line num="26" count="68" type="stmt"/>
        <line num="27" count="68" type="stmt"/>
        <line num="28" count="68" type="stmt"/>
        <line num="29" count="68" type="stmt"/>
        <line num="30" count="68" type="stmt"/>
        <line num="31" count="68" type="stmt"/>
        <line num="32" count="68" type="stmt"/>
        <line num="33" count="68" type="stmt"/>
        <line num="35" count="68" type="stmt"/>
        <line num="37" count="68" type="stmt"/>
        <line num="40" count="1" type="stmt"/>
      </file>
      <file name="NameInput.jsx" path="C:\Users\Grego\Desktop\Coding\Projects\plan_tool\src\frontend\src\components\NameInput.jsx">
        <metrics statements="15" coveredstatements="15" conditionals="5" coveredconditionals="5" methods="2" coveredmethods="2"/>
        <line num="1" count="1" type="stmt"/>
        <line num="3" count="1" type="cond" truecount="1" falsecount="0"/>
        <line num="4" count="52" type="cond" truecount="1" falsecount="0"/>
        <line num="5" count="52" type="cond" truecount="2" falsecount="0"/>
        <line num="7" count="52" type="stmt"/>
        <line num="8" count="52" type="stmt"/>
        <line num="9" count="52" type="stmt"/>
        <line num="10" count="52" type="stmt"/>
        <line num="11" count="52" type="stmt"/>
        <line num="12" count="52" type="cond" truecount="1" falsecount="0"/>
        <line num="13" count="52" type="stmt"/>
        <line num="14" count="52" type="stmt"/>
        <line num="15" count="52" type="stmt"/>
        <line num="17" count="52" type="stmt"/>
        <line num="19" count="1" type="stmt"/>
      </file>
      <file name="RowSelector.jsx" path="C:\Users\Grego\Desktop\Coding\Projects\plan_tool\src\frontend\src\components\RowSelector.jsx">
        <metrics statements="15" coveredstatements="15" conditionals="5" coveredconditionals="5" methods="2" coveredmethods="1"/>
        <line num="1" count="1" type="stmt"/>
        <line num="2" count="1" type="stmt"/>
        <line num="5" count="1" type="cond" truecount="1" falsecount="0"/>
        <line num="6" count="36" type="cond" truecount="2" falsecount="0"/>
        <line num="7" count="36" type="cond" truecount="2" falsecount="0"/>
        <line num="9" count="36" type="stmt"/>
        <line num="10" count="36" type="stmt"/>
        <line num="11" count="36" type="stmt"/>
        <line num="12" count="36" type="stmt"/>
        <line num="13" count="36" type="stmt"/>
        <line num="14" count="36" type="stmt"/>
        <line num="15" count="36" type="stmt"/>
        <line num="16" count="36" type="stmt"/>
        <line num="18" count="36" type="stmt"/>
        <line num="21" count="1" type="stmt"/>
      </file>
      <file name="TaskTable.jsx" path="C:\Users\Grego\Desktop\Coding\Projects\plan_tool\src\frontend\src\components\TaskTable.jsx">
        <metrics statements="120" coveredstatements="120" conditionals="34" coveredconditionals="34" methods="10" coveredmethods="7"/>
        <line num="1" count="1" type="stmt"/>
        <line num="2" count="1" type="stmt"/>
        <line num="3" count="1" type="stmt"/>
        <line num="4" count="1" type="stmt"/>
        <line num="5" count="1" type="stmt"/>
        <line num="6" count="1" type="stmt"/>
        <line num="7" count="1" type="stmt"/>
        <line num="8" count="1" type="stmt"/>
        <line num="9" count="1" type="stmt"/>
        <line num="16" count="1" type="stmt"/>
        <line num="18" count="15" type="cond" truecount="1" falsecount="0"/>
        <line num="19" count="15" type="stmt"/>
        <line num="21" count="15" type="cond" truecount="1" falsecount="0"/>
        <line num="22" count="15" type="cond" truecount="2" falsecount="0"/>
        <line num="23" count="15" type="stmt"/>
        <line num="24" count="15" type="stmt"/>
        <line num="27" count="15" type="cond" truecount="1" falsecount="0"/>
        <line num="28" count="15" type="cond" truecount="1" falsecount="0"/>
        <line num="29" count="17" type="stmt"/>
        <line num="30" count="17" type="cond" truecount="1" falsecount="0"/>
        <line num="31" count="17" type="cond" truecount="2" falsecount="0"/>
        <line num="32" count="1" type="cond" truecount="2" falsecount="0"/>
        <line num="33" count="1" type="stmt"/>
        <line num="34" count="1" type="stmt"/>
        <line num="35" count="17" type="stmt"/>
        <line num="37" count="15" type="stmt"/>
        <line num="38" count="15" type="cond" truecount="1" falsecount="0"/>
        <line num="39" count="15" type="stmt"/>
        <line num="42" count="15" type="cond" truecount="1" falsecount="0"/>
        <line num="43" count="15" type="cond" truecount="1" falsecount="0"/>
        <line num="45" count="6" type="stmt"/>
        <line num="46" count="6" type="stmt"/>
        <line num="48" count="6" type="cond" truecount="3" falsecount="0"/>
        <line num="51" count="4" type="cond" truecount="1" falsecount="0"/>
        <line num="52" count="4" type="cond" truecount="1" falsecount="0"/>
        <line num="53" count="4" type="cond" truecount="1" falsecount="0"/>
        <line num="54" count="1" type="cond" truecount="2" falsecount="0"/>
        <line num="55" count="1" type="stmt"/>
        <line num="56" count="4" type="stmt"/>
        <line num="57" count="6" type="stmt"/>
        <line num="59" count="15" type="stmt"/>
        <line num="60" count="15" type="cond" truecount="1" falsecount="0"/>
        <line num="61" count="15" type="stmt"/>
        <line num="64" count="15" type="cond" truecount="1" falsecount="0"/>
        <line num="65" count="18" type="cond" truecount="1" falsecount="0"/>
        <line num="66" count="5" type="cond" truecount="1" falsecount="0"/>
        <line num="67" count="12" type="cond" truecount="2" falsecount="0"/>
        <line num="68" count="5" type="stmt"/>
        <line num="69" count="18" type="stmt"/>
        <line num="70" count="18" type="stmt"/>
        <line num="72" count="15" type="cond" truecount="1" falsecount="0"/>
        <line num="73" count="1" type="stmt"/>
        <line num="74" count="1" type="stmt"/>
        <line num="75" count="1" type="stmt"/>
        <line num="76" count="1" type="stmt"/>
        <line num="77" count="1" type="stmt"/>
        <line num="78" count="1" type="stmt"/>
        <line num="79" count="1" type="stmt"/>
        <line num="80" count="1" type="stmt"/>
        <line num="81" count="1" type="stmt"/>
        <line num="82" count="1" type="stmt"/>
        <line num="83" count="1" type="stmt"/>
        <line num="85" count="15" type="stmt"/>
        <line num="86" count="15" type="stmt"/>
        <line num="87" count="15" type="cond" truecount="3" falsecount="0"/>
        <line num="89" count="15" type="stmt"/>
        <line num="90" count="15" type="stmt"/>
        <line num="91" count="15" type="stmt"/>
        <line num="92" count="15" type="stmt"/>
        <line num="93" count="15" type="stmt"/>
        <line num="94" count="15" type="stmt"/>
        <line num="95" count="15" type="stmt"/>
        <line num="96" count="15" type="stmt"/>
        <line num="97" count="15" type="stmt"/>
        <line num="98" count="15" type="stmt"/>
        <line num="99" count="15" type="stmt"/>
        <line num="100" count="15" type="stmt"/>
        <line num="101" count="15" type="stmt"/>
        <line num="102" count="15" type="cond" truecount="1" falsecount="0"/>
        <line num="103" count="30" type="stmt"/>
        <line num="104" count="30" type="stmt"/>
        <line num="105" count="30" type="stmt"/>
        <line num="106" count="30" type="cond" truecount="1" falsecount="0"/>
        <line num="107" count="30" type="stmt"/>
        <line num="108" count="30" type="stmt"/>
        <line num="109" count="30" type="stmt"/>
        <line num="110" count="30" type="stmt"/>
        <line num="111" count="30" type="stmt"/>
        <line num="112" count="30" type="stmt"/>
        <line num="113" count="30" type="stmt"/>
        <line num="114" count="30" type="stmt"/>
        <line num="115" count="30" type="stmt"/>
        <line num="116" count="30" type="stmt"/>
        <line num="117" count="30" type="stmt"/>
        <line num="118" count="30" type="stmt"/>
        <line num="119" count="30" type="stmt"/>
        <line num="120" count="30" type="stmt"/>
        <line num="121" count="30" type="stmt"/>
        <line num="122" count="30" type="stmt"/>
        <line num="123" count="30" type="stmt"/>
        <line num="124" count="30" type="stmt"/>
        <line num="125" count="30" type="stmt"/>
        <line num="126" count="30" type="stmt"/>
        <line num="127" count="30" type="stmt"/>
        <line num="128" count="30" type="stmt"/>
        <line num="129" count="30" type="stmt"/>
        <line num="130" count="30" type="stmt"/>
        <line num="131" count="30" type="stmt"/>
        <line num="132" count="30" type="stmt"/>
        <line num="133" count="30" type="stmt"/>
        <line num="134" count="30" type="stmt"/>
        <line num="135" count="30" type="stmt"/>
        <line num="136" count="30" type="stmt"/>
        <line num="137" count="30" type="stmt"/>
        <line num="138" count="15" type="stmt"/>
        <line num="139" count="15" type="stmt"/>
        <line num="140" count="15" type="stmt"/>
        <line num="141" count="15" type="stmt"/>
        <line num="143" count="15" type="stmt"/>
        <line num="145" count="1" type="stmt"/>
      </file>
      <file name="TimeInput.jsx" path="C:\Users\Grego\Desktop\Coding\Projects\plan_tool\src\frontend\src\components\TimeInput.jsx">
        <metrics statements="17" coveredstatements="17" conditionals="4" coveredconditionals="4" methods="4" coveredmethods="2"/>
        <line num="1" count="1" type="stmt"/>
        <line num="3" count="1" type="cond" truecount="1" falsecount="0"/>
        <line num="4" count="44" type="stmt"/>
        <line num="5" count="44" type="stmt"/>
        <line num="6" count="44" type="stmt"/>
        <line num="7" count="44" type="stmt"/>
        <line num="8" count="44" type="cond" truecount="2" falsecount="0"/>
        <line num="9" count="44" type="cond" truecount="1" falsecount="0"/>
        <line num="10" count="12" type="stmt"/>
        <line num="11" count="12" type="stmt"/>
        <line num="12" count="12" type="stmt"/>
        <line num="13" count="44" type="stmt"/>
        <line num="14" count="44" type="stmt"/>
        <line num="15" count="44" type="stmt"/>
        <line num="16" count="44" type="stmt"/>
        <line num="18" count="44" type="stmt"/>
        <line num="21" count="1" type="stmt"/>
      </file>
    </package>
    <package name="src.contexts">
      <metrics statements="10" coveredstatements="10" conditionals="1" coveredconditionals="1" methods="1" coveredmethods="1"/>
      <file name="TaskContext.jsx" path="C:\Users\Grego\Desktop\Coding\Projects\plan_tool\src\frontend\src\contexts\TaskContext.jsx">
        <metrics statements="10" coveredstatements="10" conditionals="1" coveredconditionals="1" methods="1" coveredmethods="1"/>
        <line num="1" count="1" type="stmt"/>
        <line num="2" count="1" type="stmt"/>
        <line num="4" count="1" type="stmt"/>
        <line num="7" count="1" type="cond" truecount="1" falsecount="0"/>
        <line num="8" count="1" type="stmt"/>
        <line num="10" count="1" type="stmt"/>
        <line num="11" count="1" type="stmt"/>
        <line num="12" count="1" type="stmt"/>
        <line num="13" count="1" type="stmt"/>
        <line num="15" count="1" type="stmt"/>
      </file>
    </package>
    <package name="src.lib">
      <metrics statements="6" coveredstatements="6" conditionals="1" coveredconditionals="1" methods="1" coveredmethods="1"/>
      <file name="utils.js" path="C:\Users\Grego\Desktop\Coding\Projects\plan_tool\src\frontend\src\lib\utils.js">
        <metrics statements="6" coveredstatements="6" conditionals="1" coveredconditionals="1" methods="1" coveredmethods="1"/>
        <line num="1" count="1" type="stmt"/>
        <line num="2" count="1" type="stmt"/>
        <line num="3" count="1" type="stmt"/>
        <line num="4" count="1" type="cond" truecount="1" falsecount="0"/>
        <line num="5" count="746" type="stmt"/>
        <line num="6" count="746" type="stmt"/>
      </file>
    </package>
  </project>
</coverage>
