{"C:\\Users\\Grego\\Desktop\\Coding\\Projects\\plan_tool\\src\\frontend\\public\\default_tasks.jsx": {"path":"C:\\Users\\Grego\\Desktop\\Coding\\Projects\\plan_tool\\src\\frontend\\public\\default_tasks.jsx","all":false,"statementMap":{"0":{"start":{"line":1,"column":0},"end":{"line":1,"column":16}},"1":{"start":{"line":2,"column":0},"end":{"line":2,"column":3}},"2":{"start":{"line":3,"column":0},"end":{"line":3,"column":10}},"3":{"start":{"line":4,"column":0},"end":{"line":4,"column":26}},"4":{"start":{"line":5,"column":0},"end":{"line":5,"column":23}},"5":{"start":{"line":6,"column":0},"end":{"line":6,"column":31}},"6":{"start":{"line":7,"column":0},"end":{"line":7,"column":33}},"7":{"start":{"line":8,"column":0},"end":{"line":8,"column":24}},"8":{"start":{"line":9,"column":0},"end":{"line":9,"column":19}},"9":{"start":{"line":10,"column":0},"end":{"line":10,"column":4}},"10":{"start":{"line":11,"column":0},"end":{"line":11,"column":3}},"11":{"start":{"line":12,"column":0},"end":{"line":12,"column":10}},"12":{"start":{"line":13,"column":0},"end":{"line":13,"column":25}},"13":{"start":{"line":14,"column":0},"end":{"line":14,"column":23}},"14":{"start":{"line":15,"column":0},"end":{"line":15,"column":32}},"15":{"start":{"line":16,"column":0},"end":{"line":16,"column":34}},"16":{"start":{"line":17,"column":0},"end":{"line":17,"column":24}},"17":{"start":{"line":18,"column":0},"end":{"line":18,"column":19}},"18":{"start":{"line":19,"column":0},"end":{"line":19,"column":4}},"19":{"start":{"line":20,"column":0},"end":{"line":20,"column":3}},"20":{"start":{"line":21,"column":0},"end":{"line":21,"column":10}},"21":{"start":{"line":22,"column":0},"end":{"line":22,"column":31}},"22":{"start":{"line":23,"column":0},"end":{"line":23,"column":21}},"23":{"start":{"line":24,"column":0},"end":{"line":24,"column":31}},"24":{"start":{"line":25,"column":0},"end":{"line":25,"column":34}},"25":{"start":{"line":26,"column":0},"end":{"line":26,"column":24}},"26":{"start":{"line":27,"column":0},"end":{"line":27,"column":19}},"27":{"start":{"line":28,"column":0},"end":{"line":28,"column":4}},"28":{"start":{"line":29,"column":0},"end":{"line":29,"column":2}}},"s":{"0":1,"1":1,"2":1,"3":1,"4":1,"5":1,"6":1,"7":1,"8":1,"9":1,"10":1,"11":1,"12":1,"13":1,"14":1,"15":1,"16":1,"17":1,"18":1,"19":1,"20":1,"21":1,"22":1,"23":1,"24":1,"25":1,"26":1,"27":1,"28":1},"branchMap":{},"b":{},"fnMap":{},"f":{}}
,"C:\\Users\\Grego\\Desktop\\Coding\\Projects\\plan_tool\\src\\frontend\\src\\App.jsx": {"path":"C:\\Users\\Grego\\Desktop\\Coding\\Projects\\plan_tool\\src\\frontend\\src\\App.jsx","all":false,"statementMap":{"0":{"start":{"line":1,"column":0},"end":{"line":1,"column":62}},"1":{"start":{"line":2,"column":0},"end":{"line":2,"column":61}},"2":{"start":{"line":3,"column":0},"end":{"line":3,"column":46}},"3":{"start":{"line":4,"column":0},"end":{"line":4,"column":18}},"6":{"start":{"line":7,"column":0},"end":{"line":7,"column":16}},"7":{"start":{"line":8,"column":0},"end":{"line":8,"column":10}},"8":{"start":{"line":9,"column":0},"end":{"line":9,"column":69}},"9":{"start":{"line":10,"column":0},"end":{"line":10,"column":71}},"10":{"start":{"line":11,"column":0},"end":{"line":11,"column":33}},"11":{"start":{"line":12,"column":0},"end":{"line":12,"column":26}},"12":{"start":{"line":13,"column":0},"end":{"line":13,"column":34}},"13":{"start":{"line":14,"column":0},"end":{"line":14,"column":24}},"15":{"start":{"line":16,"column":0},"end":{"line":16,"column":1}},"17":{"start":{"line":18,"column":0},"end":{"line":18,"column":18}}},"s":{"0":1,"1":1,"2":1,"3":1,"6":1,"7":1,"8":1,"9":1,"10":1,"11":1,"12":1,"13":1,"15":1,"17":1},"branchMap":{"0":{"type":"branch","line":7,"loc":{"start":{"line":7,"column":0},"end":{"line":16,"column":1}},"locations":[{"start":{"line":7,"column":0},"end":{"line":16,"column":1}}]}},"b":{"0":[1]},"fnMap":{"0":{"name":"App","decl":{"start":{"line":7,"column":0},"end":{"line":16,"column":1}},"loc":{"start":{"line":7,"column":0},"end":{"line":16,"column":1}},"line":7}},"f":{"0":1}}
,"C:\\Users\\Grego\\Desktop\\Coding\\Projects\\plan_tool\\src\\frontend\\src\\components\\CategorySelector.jsx": {"path":"C:\\Users\\Grego\\Desktop\\Coding\\Projects\\plan_tool\\src\\frontend\\src\\components\\CategorySelector.jsx","all":false,"statementMap":{"0":{"start":{"line":1,"column":0},"end":{"line":1,"column":39}},"1":{"start":{"line":2,"column":0},"end":{"line":2,"column":8}},"13":{"start":{"line":14,"column":0},"end":{"line":14,"column":116}},"14":{"start":{"line":15,"column":0},"end":{"line":15,"column":85}},"15":{"start":{"line":16,"column":0},"end":{"line":16,"column":68}},"16":{"start":{"line":17,"column":0},"end":{"line":17,"column":48}},"18":{"start":{"line":19,"column":0},"end":{"line":19,"column":10}},"19":{"start":{"line":20,"column":0},"end":{"line":20,"column":37}},"20":{"start":{"line":21,"column":0},"end":{"line":21,"column":23}},"21":{"start":{"line":22,"column":0},"end":{"line":22,"column":80}},"22":{"start":{"line":23,"column":0},"end":{"line":23,"column":89}},"23":{"start":{"line":24,"column":0},"end":{"line":24,"column":27}},"24":{"start":{"line":25,"column":0},"end":{"line":25,"column":19}},"25":{"start":{"line":26,"column":0},"end":{"line":26,"column":30}},"26":{"start":{"line":27,"column":0},"end":{"line":27,"column":46}},"27":{"start":{"line":28,"column":0},"end":{"line":28,"column":81}},"29":{"start":{"line":30,"column":0},"end":{"line":30,"column":66}},"30":{"start":{"line":31,"column":0},"end":{"line":31,"column":110}},"31":{"start":{"line":32,"column":0},"end":{"line":32,"column":18}},"33":{"start":{"line":34,"column":0},"end":{"line":34,"column":37}},"34":{"start":{"line":35,"column":0},"end":{"line":35,"column":30}},"35":{"start":{"line":36,"column":0},"end":{"line":36,"column":23}},"36":{"start":{"line":37,"column":0},"end":{"line":37,"column":16}},"38":{"start":{"line":39,"column":0},"end":{"line":39,"column":1}},"41":{"start":{"line":42,"column":0},"end":{"line":42,"column":32}}},"s":{"0":1,"1":1,"13":1,"14":45,"15":45,"16":45,"18":45,"19":45,"20":45,"21":45,"22":45,"23":45,"24":45,"25":45,"26":45,"27":45,"29":45,"30":291,"31":45,"33":45,"34":45,"35":45,"36":45,"38":45,"41":1},"branchMap":{"0":{"type":"branch","line":14,"loc":{"start":{"line":14,"column":25},"end":{"line":39,"column":1}},"locations":[{"start":{"line":14,"column":25},"end":{"line":39,"column":1}}]},"1":{"type":"branch","line":15,"loc":{"start":{"line":15,"column":26},"end":{"line":15,"column":45}},"locations":[{"start":{"line":15,"column":26},"end":{"line":15,"column":45}}]},"2":{"type":"branch","line":15,"loc":{"start":{"line":15,"column":45},"end":{"line":15,"column":85}},"locations":[{"start":{"line":15,"column":45},"end":{"line":15,"column":85}}]},"3":{"type":"branch","line":16,"loc":{"start":{"line":16,"column":22},"end":{"line":16,"column":49}},"locations":[{"start":{"line":16,"column":22},"end":{"line":16,"column":49}}]},"4":{"type":"branch","line":16,"loc":{"start":{"line":16,"column":38},"end":{"line":16,"column":68}},"locations":[{"start":{"line":16,"column":38},"end":{"line":16,"column":68}}]},"5":{"type":"branch","line":30,"loc":{"start":{"line":30,"column":47},"end":{"line":31,"column":110}},"locations":[{"start":{"line":30,"column":47},"end":{"line":31,"column":110}}]}},"b":{"0":[45],"1":[42],"2":[33],"3":[24],"4":[20],"5":[291]},"fnMap":{"0":{"name":"CategorySelector","decl":{"start":{"line":14,"column":25},"end":{"line":39,"column":1}},"loc":{"start":{"line":14,"column":25},"end":{"line":39,"column":1}},"line":14},"1":{"name":"onChange","decl":{"start":{"line":14,"column":42},"end":{"line":14,"column":50}},"loc":{"start":{"line":14,"column":42},"end":{"line":14,"column":50}},"line":14}},"f":{"0":45,"1":0}}
,"C:\\Users\\Grego\\Desktop\\Coding\\Projects\\plan_tool\\src\\frontend\\src\\components\\CustomFooter.jsx": {"path":"C:\\Users\\Grego\\Desktop\\Coding\\Projects\\plan_tool\\src\\frontend\\src\\components\\CustomFooter.jsx","all":false,"statementMap":{"0":{"start":{"line":1,"column":0},"end":{"line":1,"column":8}},"6":{"start":{"line":7,"column":0},"end":{"line":7,"column":52}},"8":{"start":{"line":9,"column":0},"end":{"line":9,"column":12}},"9":{"start":{"line":10,"column":0},"end":{"line":10,"column":19}},"10":{"start":{"line":11,"column":0},"end":{"line":11,"column":18}},"11":{"start":{"line":12,"column":0},"end":{"line":12,"column":22}},"12":{"start":{"line":13,"column":0},"end":{"line":13,"column":74}},"13":{"start":{"line":14,"column":0},"end":{"line":14,"column":133}},"14":{"start":{"line":15,"column":0},"end":{"line":15,"column":23}},"15":{"start":{"line":16,"column":0},"end":{"line":16,"column":21}},"16":{"start":{"line":17,"column":0},"end":{"line":17,"column":22}},"17":{"start":{"line":18,"column":0},"end":{"line":18,"column":19}},"18":{"start":{"line":19,"column":0},"end":{"line":19,"column":18}},"19":{"start":{"line":20,"column":0},"end":{"line":20,"column":34}},"20":{"start":{"line":21,"column":0},"end":{"line":21,"column":44}},"21":{"start":{"line":22,"column":0},"end":{"line":22,"column":60}},"22":{"start":{"line":23,"column":0},"end":{"line":23,"column":90}},"23":{"start":{"line":24,"column":0},"end":{"line":24,"column":22}},"24":{"start":{"line":25,"column":0},"end":{"line":25,"column":19}},"25":{"start":{"line":26,"column":0},"end":{"line":26,"column":20}},"28":{"start":{"line":29,"column":0},"end":{"line":29,"column":2}},"30":{"start":{"line":31,"column":0},"end":{"line":31,"column":28}}},"s":{"0":1,"6":1,"8":20,"9":20,"10":20,"11":20,"12":20,"13":20,"14":20,"15":20,"16":20,"17":20,"18":20,"19":20,"20":20,"21":20,"22":20,"23":20,"24":20,"25":20,"28":20,"30":1},"branchMap":{"0":{"type":"branch","line":7,"loc":{"start":{"line":7,"column":21},"end":{"line":29,"column":2}},"locations":[{"start":{"line":7,"column":21},"end":{"line":29,"column":2}}]},"1":{"type":"branch","line":23,"loc":{"start":{"line":23,"column":66},"end":{"line":23,"column":74}},"locations":[{"start":{"line":23,"column":66},"end":{"line":23,"column":74}}]},"2":{"type":"branch","line":23,"loc":{"start":{"line":23,"column":70},"end":{"line":23,"column":81}},"locations":[{"start":{"line":23,"column":70},"end":{"line":23,"column":81}}]}},"b":{"0":[20],"1":[2],"2":[17]},"fnMap":{"0":{"name":"CustomFooter","decl":{"start":{"line":7,"column":21},"end":{"line":29,"column":2}},"loc":{"start":{"line":7,"column":21},"end":{"line":29,"column":2}},"line":7}},"f":{"0":20}}
,"C:\\Users\\Grego\\Desktop\\Coding\\Projects\\plan_tool\\src\\frontend\\src\\components\\DateSelector.jsx": {"path":"C:\\Users\\Grego\\Desktop\\Coding\\Projects\\plan_tool\\src\\frontend\\src\\components\\DateSelector.jsx","all":false,"statementMap":{"0":{"start":{"line":1,"column":0},"end":{"line":1,"column":8}},"5":{"start":{"line":6,"column":0},"end":{"line":6,"column":52}},"6":{"start":{"line":7,"column":0},"end":{"line":7,"column":39}},"7":{"start":{"line":8,"column":0},"end":{"line":8,"column":50}},"12":{"start":{"line":13,"column":0},"end":{"line":13,"column":65}},"13":{"start":{"line":14,"column":0},"end":{"line":14,"column":32}},"14":{"start":{"line":15,"column":0},"end":{"line":15,"column":100}},"15":{"start":{"line":16,"column":0},"end":{"line":16,"column":70}},"16":{"start":{"line":17,"column":0},"end":{"line":17,"column":77}},"18":{"start":{"line":19,"column":0},"end":{"line":19,"column":10}},"19":{"start":{"line":20,"column":0},"end":{"line":20,"column":37}},"20":{"start":{"line":21,"column":0},"end":{"line":21,"column":15}},"21":{"start":{"line":22,"column":0},"end":{"line":22,"column":103}},"22":{"start":{"line":23,"column":0},"end":{"line":23,"column":68}},"23":{"start":{"line":24,"column":0},"end":{"line":24,"column":25}},"24":{"start":{"line":25,"column":0},"end":{"line":25,"column":24}},"25":{"start":{"line":26,"column":0},"end":{"line":26,"column":17}},"26":{"start":{"line":27,"column":0},"end":{"line":27,"column":23}},"27":{"start":{"line":28,"column":0},"end":{"line":28,"column":29}},"28":{"start":{"line":29,"column":0},"end":{"line":29,"column":29}},"29":{"start":{"line":30,"column":0},"end":{"line":30,"column":22}},"30":{"start":{"line":31,"column":0},"end":{"line":31,"column":10}},"31":{"start":{"line":32,"column":0},"end":{"line":32,"column":25}},"32":{"start":{"line":33,"column":0},"end":{"line":33,"column":16}},"34":{"start":{"line":35,"column":0},"end":{"line":35,"column":16}},"36":{"start":{"line":37,"column":0},"end":{"line":37,"column":2}},"39":{"start":{"line":40,"column":0},"end":{"line":40,"column":28}}},"s":{"0":1,"5":1,"6":1,"7":1,"12":1,"13":68,"14":68,"15":68,"16":68,"18":68,"19":68,"20":68,"21":68,"22":68,"23":68,"24":68,"25":68,"26":68,"27":68,"28":68,"29":68,"30":68,"31":68,"32":68,"34":68,"36":68,"39":1},"branchMap":{"0":{"type":"branch","line":13,"loc":{"start":{"line":13,"column":21},"end":{"line":37,"column":2}},"locations":[{"start":{"line":13,"column":21},"end":{"line":37,"column":2}}]},"1":{"type":"branch","line":14,"loc":{"start":{"line":14,"column":18},"end":{"line":14,"column":32}},"locations":[{"start":{"line":14,"column":18},"end":{"line":14,"column":32}}]},"2":{"type":"branch","line":15,"loc":{"start":{"line":15,"column":40},"end":{"line":15,"column":92}},"locations":[{"start":{"line":15,"column":40},"end":{"line":15,"column":92}}]},"3":{"type":"branch","line":15,"loc":{"start":{"line":15,"column":88},"end":{"line":15,"column":100}},"locations":[{"start":{"line":15,"column":88},"end":{"line":15,"column":100}}]},"4":{"type":"branch","line":16,"loc":{"start":{"line":16,"column":42},"end":{"line":16,"column":70}},"locations":[{"start":{"line":16,"column":42},"end":{"line":16,"column":70}}]},"5":{"type":"branch","line":17,"loc":{"start":{"line":17,"column":19},"end":{"line":17,"column":68}},"locations":[{"start":{"line":17,"column":19},"end":{"line":17,"column":68}}]},"6":{"type":"branch","line":17,"loc":{"start":{"line":17,"column":64},"end":{"line":17,"column":77}},"locations":[{"start":{"line":17,"column":64},"end":{"line":17,"column":77}}]}},"b":{"0":[68],"1":[65],"2":[41],"3":[26],"4":[42],"5":[4],"6":[63]},"fnMap":{"0":{"name":"DateSelector","decl":{"start":{"line":13,"column":21},"end":{"line":37,"column":2}},"loc":{"start":{"line":13,"column":21},"end":{"line":37,"column":2}},"line":13}},"f":{"0":68}}
,"C:\\Users\\Grego\\Desktop\\Coding\\Projects\\plan_tool\\src\\frontend\\src\\components\\NameInput.jsx": {"path":"C:\\Users\\Grego\\Desktop\\Coding\\Projects\\plan_tool\\src\\frontend\\src\\components\\NameInput.jsx","all":false,"statementMap":{"0":{"start":{"line":1,"column":0},"end":{"line":1,"column":50}},"2":{"start":{"line":3,"column":0},"end":{"line":3,"column":74}},"3":{"start":{"line":4,"column":0},"end":{"line":4,"column":53}},"4":{"start":{"line":5,"column":0},"end":{"line":5,"column":48}},"6":{"start":{"line":7,"column":0},"end":{"line":7,"column":12}},"7":{"start":{"line":8,"column":0},"end":{"line":8,"column":41}},"8":{"start":{"line":9,"column":0},"end":{"line":9,"column":19}},"9":{"start":{"line":10,"column":0},"end":{"line":10,"column":24}},"10":{"start":{"line":11,"column":0},"end":{"line":11,"column":29}},"11":{"start":{"line":12,"column":0},"end":{"line":12,"column":80}},"12":{"start":{"line":13,"column":0},"end":{"line":13,"column":80}},"13":{"start":{"line":14,"column":0},"end":{"line":14,"column":14}},"14":{"start":{"line":15,"column":0},"end":{"line":15,"column":20}},"16":{"start":{"line":17,"column":0},"end":{"line":17,"column":1}},"18":{"start":{"line":19,"column":0},"end":{"line":19,"column":25}}},"s":{"0":1,"2":1,"3":52,"4":52,"6":52,"7":52,"8":52,"9":52,"10":52,"11":52,"12":52,"13":52,"14":52,"16":52,"18":1},"branchMap":{"0":{"type":"branch","line":3,"loc":{"start":{"line":3,"column":18},"end":{"line":17,"column":1}},"locations":[{"start":{"line":3,"column":18},"end":{"line":17,"column":1}}]},"1":{"type":"branch","line":4,"loc":{"start":{"line":4,"column":29},"end":{"line":4,"column":44}},"locations":[{"start":{"line":4,"column":29},"end":{"line":4,"column":44}}]},"2":{"type":"branch","line":5,"loc":{"start":{"line":5,"column":21},"end":{"line":5,"column":45}},"locations":[{"start":{"line":5,"column":21},"end":{"line":5,"column":45}}]},"3":{"type":"branch","line":5,"loc":{"start":{"line":5,"column":38},"end":{"line":5,"column":48}},"locations":[{"start":{"line":5,"column":38},"end":{"line":5,"column":48}}]},"4":{"type":"branch","line":12,"loc":{"start":{"line":12,"column":22},"end":{"line":12,"column":80}},"locations":[{"start":{"line":12,"column":22},"end":{"line":12,"column":80}}]}},"b":{"0":[52],"1":[51],"2":[50],"3":[1],"4":[27]},"fnMap":{"0":{"name":"NameInput","decl":{"start":{"line":3,"column":18},"end":{"line":17,"column":1}},"loc":{"start":{"line":3,"column":18},"end":{"line":17,"column":1}},"line":3},"1":{"name":"onChange","decl":{"start":{"line":12,"column":22},"end":{"line":12,"column":80}},"loc":{"start":{"line":12,"column":22},"end":{"line":12,"column":80}},"line":12}},"f":{"0":52,"1":27}}
,"C:\\Users\\Grego\\Desktop\\Coding\\Projects\\plan_tool\\src\\frontend\\src\\components\\RowSelector.jsx": {"path":"C:\\Users\\Grego\\Desktop\\Coding\\Projects\\plan_tool\\src\\frontend\\src\\components\\RowSelector.jsx","all":false,"statementMap":{"0":{"start":{"line":1,"column":0},"end":{"line":1,"column":52}},"1":{"start":{"line":2,"column":0},"end":{"line":2,"column":50}},"4":{"start":{"line":5,"column":0},"end":{"line":5,"column":56}},"5":{"start":{"line":6,"column":0},"end":{"line":6,"column":70}},"6":{"start":{"line":7,"column":0},"end":{"line":7,"column":90}},"8":{"start":{"line":9,"column":0},"end":{"line":9,"column":10}},"9":{"start":{"line":10,"column":0},"end":{"line":10,"column":40}},"10":{"start":{"line":11,"column":0},"end":{"line":11,"column":15}},"11":{"start":{"line":12,"column":0},"end":{"line":12,"column":26}},"12":{"start":{"line":13,"column":0},"end":{"line":13,"column":41}},"13":{"start":{"line":14,"column":0},"end":{"line":14,"column":34}},"14":{"start":{"line":15,"column":0},"end":{"line":15,"column":8}},"15":{"start":{"line":16,"column":0},"end":{"line":16,"column":16}},"17":{"start":{"line":18,"column":0},"end":{"line":18,"column":2}},"20":{"start":{"line":21,"column":0},"end":{"line":21,"column":27}}},"s":{"0":1,"1":1,"4":1,"5":36,"6":36,"8":36,"9":36,"10":36,"11":36,"12":36,"13":36,"14":36,"15":36,"17":36,"20":1},"branchMap":{"0":{"type":"branch","line":5,"loc":{"start":{"line":5,"column":20},"end":{"line":18,"column":2}},"locations":[{"start":{"line":5,"column":20},"end":{"line":18,"column":2}}]},"1":{"type":"branch","line":6,"loc":{"start":{"line":6,"column":41},"end":{"line":6,"column":64}},"locations":[{"start":{"line":6,"column":41},"end":{"line":6,"column":64}}]},"2":{"type":"branch","line":6,"loc":{"start":{"line":6,"column":53},"end":{"line":6,"column":70}},"locations":[{"start":{"line":6,"column":53},"end":{"line":6,"column":70}}]},"3":{"type":"branch","line":7,"loc":{"start":{"line":7,"column":50},"end":{"line":7,"column":81}},"locations":[{"start":{"line":7,"column":50},"end":{"line":7,"column":81}}]},"4":{"type":"branch","line":7,"loc":{"start":{"line":7,"column":63},"end":{"line":7,"column":90}},"locations":[{"start":{"line":7,"column":63},"end":{"line":7,"column":90}}]}},"b":{"0":[36],"1":[22],"2":[13],"3":[33],"4":[2]},"fnMap":{"0":{"name":"RowSelector","decl":{"start":{"line":5,"column":20},"end":{"line":18,"column":2}},"loc":{"start":{"line":5,"column":20},"end":{"line":18,"column":2}},"line":5},"1":{"name":"RowSelector.handleChange","decl":{"start":{"line":7,"column":81},"end":{"line":7,"column":90}},"loc":{"start":{"line":7,"column":81},"end":{"line":7,"column":90}},"line":7}},"f":{"0":36,"1":0}}
,"C:\\Users\\Grego\\Desktop\\Coding\\Projects\\plan_tool\\src\\frontend\\src\\components\\TaskTable.jsx": {"path":"C:\\Users\\Grego\\Desktop\\Coding\\Projects\\plan_tool\\src\\frontend\\src\\components\\TaskTable.jsx","all":false,"statementMap":{"0":{"start":{"line":1,"column":0},"end":{"line":1,"column":55}},"1":{"start":{"line":2,"column":0},"end":{"line":2,"column":54}},"2":{"start":{"line":3,"column":0},"end":{"line":3,"column":40}},"3":{"start":{"line":4,"column":0},"end":{"line":4,"column":50}},"4":{"start":{"line":5,"column":0},"end":{"line":5,"column":42}},"5":{"start":{"line":6,"column":0},"end":{"line":6,"column":36}},"6":{"start":{"line":7,"column":0},"end":{"line":7,"column":36}},"7":{"start":{"line":8,"column":0},"end":{"line":8,"column":42}},"8":{"start":{"line":9,"column":0},"end":{"line":9,"column":8}},"15":{"start":{"line":16,"column":0},"end":{"line":16,"column":39}},"17":{"start":{"line":18,"column":0},"end":{"line":18,"column":22}},"18":{"start":{"line":19,"column":0},"end":{"line":19,"column":54}},"20":{"start":{"line":21,"column":0},"end":{"line":21,"column":31}},"21":{"start":{"line":22,"column":0},"end":{"line":22,"column":78}},"22":{"start":{"line":23,"column":0},"end":{"line":23,"column":11}},"23":{"start":{"line":24,"column":0},"end":{"line":24,"column":4}},"26":{"start":{"line":27,"column":0},"end":{"line":27,"column":19}},"27":{"start":{"line":28,"column":0},"end":{"line":28,"column":34}},"28":{"start":{"line":29,"column":0},"end":{"line":29,"column":24}},"29":{"start":{"line":30,"column":0},"end":{"line":30,"column":55}},"30":{"start":{"line":31,"column":0},"end":{"line":31,"column":64}},"31":{"start":{"line":32,"column":0},"end":{"line":32,"column":62}},"32":{"start":{"line":33,"column":0},"end":{"line":33,"column":27}},"33":{"start":{"line":34,"column":0},"end":{"line":34,"column":7}},"34":{"start":{"line":35,"column":0},"end":{"line":35,"column":6}},"36":{"start":{"line":37,"column":0},"end":{"line":37,"column":54}},"37":{"start":{"line":38,"column":0},"end":{"line":38,"column":70}},"38":{"start":{"line":39,"column":0},"end":{"line":39,"column":24}},"41":{"start":{"line":42,"column":0},"end":{"line":42,"column":19}},"42":{"start":{"line":43,"column":0},"end":{"line":43,"column":36}},"44":{"start":{"line":45,"column":0},"end":{"line":45,"column":81}},"45":{"start":{"line":46,"column":0},"end":{"line":46,"column":77}},"47":{"start":{"line":48,"column":0},"end":{"line":48,"column":64}},"50":{"start":{"line":51,"column":0},"end":{"line":51,"column":24}},"51":{"start":{"line":52,"column":0},"end":{"line":52,"column":62}},"52":{"start":{"line":53,"column":0},"end":{"line":53,"column":26}},"53":{"start":{"line":54,"column":0},"end":{"line":54,"column":77}},"54":{"start":{"line":55,"column":0},"end":{"line":55,"column":9}},"55":{"start":{"line":56,"column":0},"end":{"line":56,"column":12}},"56":{"start":{"line":57,"column":0},"end":{"line":57,"column":6}},"58":{"start":{"line":59,"column":0},"end":{"line":59,"column":60}},"59":{"start":{"line":60,"column":0},"end":{"line":60,"column":76}},"60":{"start":{"line":61,"column":0},"end":{"line":61,"column":24}},"63":{"start":{"line":64,"column":0},"end":{"line":64,"column":47}},"64":{"start":{"line":65,"column":0},"end":{"line":65,"column":20}},"65":{"start":{"line":66,"column":0},"end":{"line":66,"column":22}},"66":{"start":{"line":67,"column":0},"end":{"line":67,"column":57}},"67":{"start":{"line":68,"column":0},"end":{"line":68,"column":7}},"68":{"start":{"line":69,"column":0},"end":{"line":69,"column":6}},"69":{"start":{"line":70,"column":0},"end":{"line":70,"column":4}},"71":{"start":{"line":72,"column":0},"end":{"line":72,"column":31}},"72":{"start":{"line":73,"column":0},"end":{"line":73,"column":21}},"73":{"start":{"line":74,"column":0},"end":{"line":74,"column":21}},"74":{"start":{"line":75,"column":0},"end":{"line":75,"column":15}},"75":{"start":{"line":76,"column":0},"end":{"line":76,"column":19}},"76":{"start":{"line":77,"column":0},"end":{"line":77,"column":19}},"77":{"start":{"line":78,"column":0},"end":{"line":78,"column":21}},"78":{"start":{"line":79,"column":0},"end":{"line":79,"column":25}},"79":{"start":{"line":80,"column":0},"end":{"line":80,"column":20}},"80":{"start":{"line":81,"column":0},"end":{"line":81,"column":6}},"81":{"start":{"line":82,"column":0},"end":{"line":82,"column":34}},"82":{"start":{"line":83,"column":0},"end":{"line":83,"column":4}},"84":{"start":{"line":85,"column":0},"end":{"line":85,"column":42}},"85":{"start":{"line":86,"column":0},"end":{"line":86,"column":39}},"86":{"start":{"line":87,"column":0},"end":{"line":87,"column":84}},"88":{"start":{"line":89,"column":0},"end":{"line":89,"column":10}},"89":{"start":{"line":90,"column":0},"end":{"line":90,"column":41}},"90":{"start":{"line":91,"column":0},"end":{"line":91,"column":19}},"91":{"start":{"line":92,"column":0},"end":{"line":92,"column":18}},"92":{"start":{"line":93,"column":0},"end":{"line":93,"column":54}},"93":{"start":{"line":94,"column":0},"end":{"line":94,"column":101}},"94":{"start":{"line":95,"column":0},"end":{"line":95,"column":102}},"95":{"start":{"line":96,"column":0},"end":{"line":96,"column":102}},"96":{"start":{"line":97,"column":0},"end":{"line":97,"column":104}},"97":{"start":{"line":98,"column":0},"end":{"line":98,"column":97}},"98":{"start":{"line":99,"column":0},"end":{"line":99,"column":19}},"99":{"start":{"line":100,"column":0},"end":{"line":100,"column":20}},"100":{"start":{"line":101,"column":0},"end":{"line":101,"column":17}},"101":{"start":{"line":102,"column":0},"end":{"line":102,"column":30}},"102":{"start":{"line":103,"column":0},"end":{"line":103,"column":34}},"103":{"start":{"line":104,"column":0},"end":{"line":104,"column":24}},"104":{"start":{"line":105,"column":0},"end":{"line":105,"column":38}},"105":{"start":{"line":106,"column":0},"end":{"line":106,"column":82}},"106":{"start":{"line":107,"column":0},"end":{"line":107,"column":38}},"107":{"start":{"line":108,"column":0},"end":{"line":108,"column":14}},"108":{"start":{"line":109,"column":0},"end":{"line":109,"column":22}},"109":{"start":{"line":110,"column":0},"end":{"line":110,"column":25}},"110":{"start":{"line":111,"column":0},"end":{"line":111,"column":47}},"111":{"start":{"line":112,"column":0},"end":{"line":112,"column":83}},"112":{"start":{"line":113,"column":0},"end":{"line":113,"column":14}},"113":{"start":{"line":114,"column":0},"end":{"line":114,"column":29}},"114":{"start":{"line":115,"column":0},"end":{"line":115,"column":25}},"115":{"start":{"line":116,"column":0},"end":{"line":116,"column":75}},"116":{"start":{"line":117,"column":0},"end":{"line":117,"column":88}},"117":{"start":{"line":118,"column":0},"end":{"line":118,"column":37}},"118":{"start":{"line":119,"column":0},"end":{"line":119,"column":14}},"119":{"start":{"line":120,"column":0},"end":{"line":120,"column":25}},"120":{"start":{"line":121,"column":0},"end":{"line":121,"column":25}},"121":{"start":{"line":122,"column":0},"end":{"line":122,"column":75}},"122":{"start":{"line":123,"column":0},"end":{"line":123,"column":32}},"123":{"start":{"line":124,"column":0},"end":{"line":124,"column":98}},"124":{"start":{"line":125,"column":0},"end":{"line":125,"column":14}},"125":{"start":{"line":126,"column":0},"end":{"line":126,"column":25}},"126":{"start":{"line":127,"column":0},"end":{"line":127,"column":25}},"127":{"start":{"line":128,"column":0},"end":{"line":128,"column":77}},"128":{"start":{"line":129,"column":0},"end":{"line":129,"column":34}},"129":{"start":{"line":130,"column":0},"end":{"line":130,"column":98}},"130":{"start":{"line":131,"column":0},"end":{"line":131,"column":14}},"131":{"start":{"line":132,"column":0},"end":{"line":132,"column":22}},"132":{"start":{"line":133,"column":0},"end":{"line":133,"column":25}},"133":{"start":{"line":134,"column":0},"end":{"line":134,"column":47}},"134":{"start":{"line":135,"column":0},"end":{"line":135,"column":98}},"135":{"start":{"line":136,"column":0},"end":{"line":136,"column":14}},"136":{"start":{"line":137,"column":0},"end":{"line":137,"column":21}},"137":{"start":{"line":138,"column":0},"end":{"line":138,"column":11}},"138":{"start":{"line":139,"column":0},"end":{"line":139,"column":18}},"139":{"start":{"line":140,"column":0},"end":{"line":140,"column":70}},"140":{"start":{"line":141,"column":0},"end":{"line":141,"column":12}},"142":{"start":{"line":143,"column":0},"end":{"line":143,"column":1}},"144":{"start":{"line":145,"column":0},"end":{"line":145,"column":25}}},"s":{"0":1,"1":1,"2":1,"3":1,"4":1,"5":1,"6":1,"7":1,"8":1,"15":1,"17":15,"18":15,"20":15,"21":15,"22":15,"23":15,"26":15,"27":15,"28":17,"29":17,"30":17,"31":1,"32":1,"33":1,"34":17,"36":15,"37":15,"38":15,"41":15,"42":15,"44":6,"45":6,"47":6,"50":4,"51":4,"52":4,"53":1,"54":1,"55":4,"56":6,"58":15,"59":15,"60":15,"63":15,"64":18,"65":5,"66":12,"67":5,"68":18,"69":18,"71":15,"72":1,"73":1,"74":1,"75":1,"76":1,"77":1,"78":1,"79":1,"80":1,"81":1,"82":1,"84":15,"85":15,"86":15,"88":15,"89":15,"90":15,"91":15,"92":15,"93":15,"94":15,"95":15,"96":15,"97":15,"98":15,"99":15,"100":15,"101":15,"102":30,"103":30,"104":30,"105":30,"106":30,"107":30,"108":30,"109":30,"110":30,"111":30,"112":30,"113":30,"114":30,"115":30,"116":30,"117":30,"118":30,"119":30,"120":30,"121":30,"122":30,"123":30,"124":30,"125":30,"126":30,"127":30,"128":30,"129":30,"130":30,"131":30,"132":30,"133":30,"134":30,"135":30,"136":30,"137":15,"138":15,"139":15,"140":15,"142":15,"144":1},"branchMap":{"0":{"type":"branch","line":18,"loc":{"start":{"line":18,"column":0},"end":{"line":143,"column":1}},"locations":[{"start":{"line":18,"column":0},"end":{"line":143,"column":1}}]},"1":{"type":"branch","line":21,"loc":{"start":{"line":21,"column":26},"end":{"line":22,"column":78}},"locations":[{"start":{"line":21,"column":26},"end":{"line":22,"column":78}}]},"2":{"type":"branch","line":22,"loc":{"start":{"line":22,"column":17},"end":{"line":22,"column":75}},"locations":[{"start":{"line":22,"column":17},"end":{"line":22,"column":75}}]},"3":{"type":"branch","line":22,"loc":{"start":{"line":22,"column":66},"end":{"line":22,"column":75}},"locations":[{"start":{"line":22,"column":66},"end":{"line":22,"column":75}}]},"4":{"type":"branch","line":27,"loc":{"start":{"line":27,"column":12},"end":{"line":39,"column":5}},"locations":[{"start":{"line":27,"column":12},"end":{"line":39,"column":5}}]},"5":{"type":"branch","line":28,"loc":{"start":{"line":28,"column":26},"end":{"line":35,"column":6}},"locations":[{"start":{"line":28,"column":26},"end":{"line":35,"column":6}}]},"6":{"type":"branch","line":31,"loc":{"start":{"line":31,"column":10},"end":{"line":31,"column":63}},"locations":[{"start":{"line":31,"column":10},"end":{"line":31,"column":63}}]},"7":{"type":"branch","line":31,"loc":{"start":{"line":31,"column":63},"end":{"line":34,"column":7}},"locations":[{"start":{"line":31,"column":63},"end":{"line":34,"column":7}}]},"8":{"type":"branch","line":30,"loc":{"start":{"line":30,"column":32},"end":{"line":30,"column":53}},"locations":[{"start":{"line":30,"column":32},"end":{"line":30,"column":53}}]},"9":{"type":"branch","line":32,"loc":{"start":{"line":32,"column":17},"end":{"line":32,"column":60}},"locations":[{"start":{"line":32,"column":17},"end":{"line":32,"column":60}}]},"10":{"type":"branch","line":32,"loc":{"start":{"line":32,"column":37},"end":{"line":32,"column":59}},"locations":[{"start":{"line":32,"column":37},"end":{"line":32,"column":59}}]},"11":{"type":"branch","line":38,"loc":{"start":{"line":38,"column":11},"end":{"line":38,"column":70}},"locations":[{"start":{"line":38,"column":11},"end":{"line":38,"column":70}}]},"12":{"type":"branch","line":42,"loc":{"start":{"line":42,"column":12},"end":{"line":61,"column":5}},"locations":[{"start":{"line":42,"column":12},"end":{"line":61,"column":5}}]},"13":{"type":"branch","line":43,"loc":{"start":{"line":43,"column":28},"end":{"line":57,"column":6}},"locations":[{"start":{"line":43,"column":28},"end":{"line":57,"column":6}}]},"14":{"type":"branch","line":48,"loc":{"start":{"line":48,"column":10},"end":{"line":48,"column":57}},"locations":[{"start":{"line":48,"column":10},"end":{"line":48,"column":57}}]},"15":{"type":"branch","line":48,"loc":{"start":{"line":48,"column":57},"end":{"line":48,"column":64}},"locations":[{"start":{"line":48,"column":57},"end":{"line":48,"column":64}}]},"16":{"type":"branch","line":48,"loc":{"start":{"line":48,"column":57},"end":{"line":56,"column":12}},"locations":[{"start":{"line":48,"column":57},"end":{"line":56,"column":12}}]},"17":{"type":"branch","line":51,"loc":{"start":{"line":51,"column":17},"end":{"line":56,"column":9}},"locations":[{"start":{"line":51,"column":17},"end":{"line":56,"column":9}}]},"18":{"type":"branch","line":53,"loc":{"start":{"line":53,"column":25},"end":{"line":55,"column":9}},"locations":[{"start":{"line":53,"column":25},"end":{"line":55,"column":9}}]},"19":{"type":"branch","line":52,"loc":{"start":{"line":52,"column":39},"end":{"line":52,"column":60}},"locations":[{"start":{"line":52,"column":39},"end":{"line":52,"column":60}}]},"20":{"type":"branch","line":54,"loc":{"start":{"line":54,"column":19},"end":{"line":54,"column":75}},"locations":[{"start":{"line":54,"column":19},"end":{"line":54,"column":75}}]},"21":{"type":"branch","line":54,"loc":{"start":{"line":54,"column":36},"end":{"line":54,"column":74}},"locations":[{"start":{"line":54,"column":36},"end":{"line":54,"column":74}}]},"22":{"type":"branch","line":60,"loc":{"start":{"line":60,"column":11},"end":{"line":60,"column":76}},"locations":[{"start":{"line":60,"column":11},"end":{"line":60,"column":76}}]},"23":{"type":"branch","line":64,"loc":{"start":{"line":64,"column":26},"end":{"line":70,"column":4}},"locations":[{"start":{"line":64,"column":26},"end":{"line":70,"column":4}}]},"24":{"type":"branch","line":65,"loc":{"start":{"line":65,"column":13},"end":{"line":68,"column":7}},"locations":[{"start":{"line":65,"column":13},"end":{"line":68,"column":7}}]},"25":{"type":"branch","line":66,"loc":{"start":{"line":66,"column":15},"end":{"line":67,"column":57}},"locations":[{"start":{"line":66,"column":15},"end":{"line":67,"column":57}}]},"26":{"type":"branch","line":67,"loc":{"start":{"line":67,"column":20},"end":{"line":67,"column":53}},"locations":[{"start":{"line":67,"column":20},"end":{"line":67,"column":53}}]},"27":{"type":"branch","line":67,"loc":{"start":{"line":67,"column":49},"end":{"line":67,"column":57}},"locations":[{"start":{"line":67,"column":49},"end":{"line":67,"column":57}}]},"28":{"type":"branch","line":72,"loc":{"start":{"line":72,"column":24},"end":{"line":83,"column":4}},"locations":[{"start":{"line":72,"column":24},"end":{"line":83,"column":4}}]},"29":{"type":"branch","line":87,"loc":{"start":{"line":87,"column":33},"end":{"line":87,"column":84}},"locations":[{"start":{"line":87,"column":33},"end":{"line":87,"column":84}}]},"30":{"type":"branch","line":87,"loc":{"start":{"line":87,"column":48},"end":{"line":87,"column":73}},"locations":[{"start":{"line":87,"column":48},"end":{"line":87,"column":73}}]},"31":{"type":"branch","line":87,"loc":{"start":{"line":87,"column":59},"end":{"line":87,"column":84}},"locations":[{"start":{"line":87,"column":59},"end":{"line":87,"column":84}}]},"32":{"type":"branch","line":102,"loc":{"start":{"line":102,"column":19},"end":{"line":137,"column":21}},"locations":[{"start":{"line":102,"column":19},"end":{"line":137,"column":21}}]},"33":{"type":"branch","line":106,"loc":{"start":{"line":106,"column":31},"end":{"line":106,"column":82}},"locations":[{"start":{"line":106,"column":31},"end":{"line":106,"column":82}}]}},"b":{"0":[15],"1":[15],"2":[30],"3":[2],"4":[15],"5":[17],"6":[1],"7":[1],"8":[20],"9":[1],"10":[1],"11":[15],"12":[15],"13":[6],"14":[4],"15":[2],"16":[4],"17":[4],"18":[1],"19":[5],"20":[1],"21":[3],"22":[15],"23":[18],"24":[5],"25":[12],"26":[5],"27":[7],"28":[1],"29":[150],"30":[20],"31":[130],"32":[30],"33":[2]},"fnMap":{"0":{"name":"TaskTable","decl":{"start":{"line":18,"column":0},"end":{"line":143,"column":1}},"loc":{"start":{"line":18,"column":0},"end":{"line":143,"column":1}},"line":18},"1":{"name":"handleKeyDown","decl":{"start":{"line":28,"column":26},"end":{"line":35,"column":6}},"loc":{"start":{"line":28,"column":26},"end":{"line":35,"column":6}},"line":28},"2":{"name":"handleMouseDown","decl":{"start":{"line":43,"column":28},"end":{"line":57,"column":6}},"loc":{"start":{"line":43,"column":28},"end":{"line":57,"column":6}},"line":43},"3":{"name":"updateTaskField","decl":{"start":{"line":64,"column":26},"end":{"line":70,"column":4}},"loc":{"start":{"line":64,"column":26},"end":{"line":70,"column":4}},"line":64},"4":{"name":"handleAddTask","decl":{"start":{"line":72,"column":24},"end":{"line":83,"column":4}},"loc":{"start":{"line":72,"column":24},"end":{"line":83,"column":4}},"line":72},"5":{"name":"applyHoverSelectStyles","decl":{"start":{"line":87,"column":33},"end":{"line":87,"column":84}},"loc":{"start":{"line":87,"column":33},"end":{"line":87,"column":84}},"line":87},"6":{"name":"onCheckedChange","decl":{"start":{"line":106,"column":31},"end":{"line":106,"column":82}},"loc":{"start":{"line":106,"column":31},"end":{"line":106,"column":82}},"line":106},"7":{"name":"onChange","decl":{"start":{"line":116,"column":24},"end":{"line":116,"column":75}},"loc":{"start":{"line":116,"column":24},"end":{"line":116,"column":75}},"line":116},"8":{"name":"onSelect","decl":{"start":{"line":122,"column":24},"end":{"line":122,"column":75}},"loc":{"start":{"line":122,"column":24},"end":{"line":122,"column":75}},"line":122},"9":{"name":"onSelect","decl":{"start":{"line":128,"column":24},"end":{"line":128,"column":77}},"loc":{"start":{"line":128,"column":24},"end":{"line":128,"column":77}},"line":128}},"f":{"0":15,"1":17,"2":6,"3":18,"4":1,"5":150,"6":2,"7":0,"8":0,"9":0}}
,"C:\\Users\\Grego\\Desktop\\Coding\\Projects\\plan_tool\\src\\frontend\\src\\components\\TimeInput.jsx": {"path":"C:\\Users\\Grego\\Desktop\\Coding\\Projects\\plan_tool\\src\\frontend\\src\\components\\TimeInput.jsx","all":false,"statementMap":{"0":{"start":{"line":1,"column":0},"end":{"line":1,"column":50}},"2":{"start":{"line":3,"column":0},"end":{"line":3,"column":113}},"3":{"start":{"line":4,"column":0},"end":{"line":4,"column":10}},"4":{"start":{"line":5,"column":0},"end":{"line":5,"column":37}},"5":{"start":{"line":6,"column":0},"end":{"line":6,"column":12}},"6":{"start":{"line":7,"column":0},"end":{"line":7,"column":21}},"7":{"start":{"line":8,"column":0},"end":{"line":8,"column":70}},"8":{"start":{"line":9,"column":0},"end":{"line":9,"column":26}},"9":{"start":{"line":10,"column":0},"end":{"line":10,"column":50}},"10":{"start":{"line":11,"column":0},"end":{"line":11,"column":64}},"11":{"start":{"line":12,"column":0},"end":{"line":12,"column":10}},"12":{"start":{"line":13,"column":0},"end":{"line":13,"column":55}},"13":{"start":{"line":14,"column":0},"end":{"line":14,"column":193}},"14":{"start":{"line":15,"column":0},"end":{"line":15,"column":8}},"15":{"start":{"line":16,"column":0},"end":{"line":16,"column":16}},"17":{"start":{"line":18,"column":0},"end":{"line":18,"column":2}},"20":{"start":{"line":21,"column":0},"end":{"line":21,"column":25}}},"s":{"0":1,"2":1,"3":44,"4":44,"5":44,"6":44,"7":44,"8":44,"9":12,"10":12,"11":12,"12":44,"13":44,"14":44,"15":44,"17":44,"20":1},"branchMap":{"0":{"type":"branch","line":3,"loc":{"start":{"line":3,"column":18},"end":{"line":18,"column":2}},"locations":[{"start":{"line":3,"column":18},"end":{"line":18,"column":2}}]},"1":{"type":"branch","line":8,"loc":{"start":{"line":8,"column":40},"end":{"line":8,"column":49}},"locations":[{"start":{"line":8,"column":40},"end":{"line":8,"column":49}}]},"2":{"type":"branch","line":8,"loc":{"start":{"line":8,"column":44},"end":{"line":8,"column":70}},"locations":[{"start":{"line":8,"column":44},"end":{"line":8,"column":70}}]},"3":{"type":"branch","line":9,"loc":{"start":{"line":9,"column":18},"end":{"line":12,"column":10}},"locations":[{"start":{"line":9,"column":18},"end":{"line":12,"column":10}}]}},"b":{"0":[44],"1":[2],"2":[41],"3":[12]},"fnMap":{"0":{"name":"TimeInput","decl":{"start":{"line":3,"column":18},"end":{"line":18,"column":2}},"loc":{"start":{"line":3,"column":18},"end":{"line":18,"column":2}},"line":3},"1":{"name":"updateTaskField","decl":{"start":{"line":3,"column":86},"end":{"line":3,"column":96}},"loc":{"start":{"line":3,"column":86},"end":{"line":3,"column":96}},"line":3},"2":{"name":"onChange","decl":{"start":{"line":9,"column":18},"end":{"line":12,"column":10}},"loc":{"start":{"line":9,"column":18},"end":{"line":12,"column":10}},"line":9},"3":{"name":"onWheel","decl":{"start":{"line":13,"column":17},"end":{"line":13,"column":55}},"loc":{"start":{"line":13,"column":17},"end":{"line":13,"column":55}},"line":13}},"f":{"0":44,"1":0,"2":12,"3":0}}
,"C:\\Users\\Grego\\Desktop\\Coding\\Projects\\plan_tool\\src\\frontend\\src\\contexts\\TaskContext.jsx": {"path":"C:\\Users\\Grego\\Desktop\\Coding\\Projects\\plan_tool\\src\\frontend\\src\\contexts\\TaskContext.jsx","all":false,"statementMap":{"0":{"start":{"line":1,"column":0},"end":{"line":1,"column":48}},"1":{"start":{"line":2,"column":0},"end":{"line":2,"column":55}},"3":{"start":{"line":4,"column":0},"end":{"line":4,"column":52}},"6":{"start":{"line":7,"column":0},"end":{"line":7,"column":57}},"7":{"start":{"line":8,"column":0},"end":{"line":8,"column":54}},"9":{"start":{"line":10,"column":0},"end":{"line":10,"column":12}},"10":{"start":{"line":11,"column":0},"end":{"line":11,"column":56}},"11":{"start":{"line":12,"column":0},"end":{"line":12,"column":22}},"12":{"start":{"line":13,"column":0},"end":{"line":13,"column":31}},"14":{"start":{"line":15,"column":0},"end":{"line":15,"column":1}}},"s":{"0":1,"1":1,"3":1,"6":1,"7":1,"9":1,"10":1,"11":1,"12":1,"14":1},"branchMap":{"0":{"type":"branch","line":7,"loc":{"start":{"line":7,"column":0},"end":{"line":15,"column":1}},"locations":[{"start":{"line":7,"column":0},"end":{"line":15,"column":1}}]}},"b":{"0":[1]},"fnMap":{"0":{"name":"TaskContextProvider","decl":{"start":{"line":7,"column":0},"end":{"line":15,"column":1}},"loc":{"start":{"line":7,"column":0},"end":{"line":15,"column":1}},"line":7}},"f":{"0":1}}
,"C:\\Users\\Grego\\Desktop\\Coding\\Projects\\plan_tool\\src\\frontend\\src\\lib\\utils.js": {"path":"C:\\Users\\Grego\\Desktop\\Coding\\Projects\\plan_tool\\src\\frontend\\src\\lib\\utils.js","all":false,"statementMap":{"0":{"start":{"line":1,"column":0},"end":{"line":1,"column":56}},"1":{"start":{"line":2,"column":0},"end":{"line":2,"column":74}},"2":{"start":{"line":3,"column":0},"end":{"line":3,"column":0}},"3":{"start":{"line":4,"column":0},"end":{"line":4,"column":31}},"4":{"start":{"line":5,"column":0},"end":{"line":5,"column":31}},"5":{"start":{"line":6,"column":0},"end":{"line":6,"column":1}}},"s":{"0":1,"1":1,"2":1,"3":1,"4":746,"5":746},"branchMap":{"0":{"type":"branch","line":4,"loc":{"start":{"line":4,"column":7},"end":{"line":6,"column":1}},"locations":[{"start":{"line":4,"column":7},"end":{"line":6,"column":1}}]}},"b":{"0":[746]},"fnMap":{"0":{"name":"cn","decl":{"start":{"line":4,"column":7},"end":{"line":6,"column":1}},"loc":{"start":{"line":4,"column":7},"end":{"line":6,"column":1}},"line":4}},"f":{"0":746}}
}
